<?xml version="1.0" encoding="UTF-8"?>
<!-- Generated by org.testng.reporters.JUnitXMLReporter -->
<testsuite ignored="0" hostname="DESKTOP-C37CO4J" failures="0" tests="11" name="Day11Test" time="37.866" errors="0" timestamp="2023-01-03T16:56:36 IST">
  <testcase classname="TestNGPrograms.Day11Parallelilistenertest" name="AccountTest" time="0.018"/>
  <testcase classname="TestNGPrograms.Day11Parallelilistenertest" name="AccountTest" time="0.003"/>
  <testcase classname="TestNGPrograms.Day11Parallelilistenertest" name="AccountTest" time="0.002"/>
  <testcase classname="TestNGPrograms.Day11Parallelilistenertest" name="AccountTest1" time="0.006">
    <skipped/>
  </testcase> <!-- AccountTest1 -->
  <testcase classname="TestNGPrograms.Day11Parallelilistenertest" name="AccountTest1" time="0.004">
    <skipped/>
  </testcase> <!-- AccountTest1 -->
  <testcase classname="TestNGPrograms.Day11Parallelilistenertest" name="AccountTest1" time="0.002">
    <skipped/>
  </testcase> <!-- AccountTest1 -->
  <testcase classname="TestNGPrograms.Day11Parallelilistenertest" name="AccountTest1" time="0.002"/>
  <testcase classname="TestNGPrograms.Day11Parallelilistenertest" name="ChromeTest" time="11.909"/>
  <testcase classname="TestNGPrograms.Day11Parallelilistenertest" name="EdgeTest" time="13.226"/>
  <testcase classname="TestNGPrograms.Day11Parallelilistenertest" name="FireFoxTest" time="12.585"/>
  <testcase classname="TestNGPrograms.Day11Parallelilistenertest" name="skipTest" time="0.002">
    <skipped/>
  </testcase> <!-- skipTest -->
</testsuite> <!-- Day11Test -->
