<?xml version="1.0" encoding="UTF-8"?>
<!-- Generated by org.testng.reporters.JUnitXMLReporter -->
<testsuite ignored="0" hostname="DESKTOP-C37CO4J" failures="0" tests="3" name="ParallelTest" time="81.136" errors="0" timestamp="2022-12-30T22:30:23 IST">
  <testcase classname="TestNGPrograms.Day10ChromeTest" name="ChromeTest" time="62.466"/>
  <testcase classname="TestNGPrograms.Day10EdgeTest" name="EdgeTest" time="72.163"/>
  <testcase classname="TestNGPrograms.Day10FireFoxTest" name="FireFoxTest" time="81.085"/>
</testsuite> <!-- ParallelTest -->
