<?xml version="1.0" encoding="UTF-8"?>
<!-- Generated by org.testng.reporters.JUnitXMLReporter -->
<testsuite ignored="0" hostname="DESKTOP-C37CO4J" failures="0" tests="11" name="RetryMulitple" time="42.566" errors="0" timestamp="2023-01-03T16:54:40 IST">
  <testcase classname="TestNGPrograms.Day11Parallelilistenertest" name="AccountTest" time="0.021"/>
  <testcase classname="TestNGPrograms.Day11Parallelilistenertest" name="AccountTest" time="0.011"/>
  <testcase classname="TestNGPrograms.Day11Parallelilistenertest" name="AccountTest" time="0.005"/>
  <testcase classname="TestNGPrograms.Day11Parallelilistenertest" name="AccountTest1" time="0.005">
    <skipped/>
  </testcase> <!-- AccountTest1 -->
  <testcase classname="TestNGPrograms.Day11Parallelilistenertest" name="AccountTest1" time="0.006">
    <skipped/>
  </testcase> <!-- AccountTest1 -->
  <testcase classname="TestNGPrograms.Day11Parallelilistenertest" name="AccountTest1" time="0.002">
    <skipped/>
  </testcase> <!-- AccountTest1 -->
  <testcase classname="TestNGPrograms.Day11Parallelilistenertest" name="AccountTest1" time="0.002"/>
  <testcase classname="TestNGPrograms.Day11Parallelilistenertest" name="ChromeTest" time="16.412"/>
  <testcase classname="TestNGPrograms.Day11Parallelilistenertest" name="EdgeTest" time="12.84"/>
  <testcase classname="TestNGPrograms.Day11Parallelilistenertest" name="FireFoxTest" time="13.155"/>
  <testcase classname="TestNGPrograms.Day11Parallelilistenertest" name="skipTest" time="0.002">
    <skipped/>
  </testcase> <!-- skipTest -->
</testsuite> <!-- RetryMulitple -->
